<?xml version="1.0" encoding="UTF-8"?>
<testsuites><testsuite name="backstopJS" tests="28"><testcase name=" ›› Satandard fields test" classname="document"/><testcase name=" ›› Satandard fields test" classname="document"/><testcase name=" ›› Satandard fields test" classname="document"/><testcase name=" ›› Satandard fields test" classname="document"/><testcase name=" ›› Satandard fields test" classname="document"/><testcase name=" ›› Satandard fields test" classname="document"/><testcase name=" ›› Satandard fields test" classname="document"/><testcase name=" ›› Satandard fields test fill: number" classname="document"/><testcase name=" ›› Satandard fields test fill: number" classname="document"/><testcase name=" ›› Satandard fields test fill: number" classname="document"/><testcase name=" ›› Satandard fields test fill: number" classname="document"/><testcase name=" ›› Satandard fields test fill: number" classname="document"/><testcase name=" ›› Satandard fields test fill: number" classname="document"/><testcase name=" ›› Satandard fields test fill: number" classname="document"/><testcase name=" ›› Satandard fields test fill: expiration" classname="document"/><testcase name=" ›› Satandard fields test fill: expiration" classname="document"/><testcase name=" ›› Satandard fields test fill: expiration" classname="document"/><testcase name=" ›› Satandard fields test fill: expiration" classname="document"/><testcase name=" ›› Satandard fields test fill: expiration" classname="document"/><testcase name=" ›› Satandard fields test fill: expiration" classname="document"/><testcase name=" ›› Satandard fields test fill: expiration" classname="document"/><testcase name=" ›› Satandard fields test fill: cvv" classname="document"/><testcase name=" ›› Satandard fields test fill: cvv" classname="document"/><testcase name=" ›› Satandard fields test fill: cvv" classname="document"/><testcase name=" ›› Satandard fields test fill: cvv" classname="document"/><testcase name=" ›› Satandard fields test fill: cvv" classname="document"/><testcase name=" ›› Satandard fields test fill: cvv" classname="document"/><testcase name=" ›› Satandard fields test fill: cvv" classname="document"/></testsuite></testsuites>