<?xml version="1.0" encoding="UTF-8"?>
<testsuites errors="3" failures="3"><testsuite name="backstopJS" tests="28" errors="3" failures="3"><testcase name=" ›› Satandard fields test" classname="document"><error message="Design deviation ›› Satandard fields test (document) component" type="CSS component"/><failure message="Design deviation ›› Satandard fields test (document) component" type="CSS component"/></testcase><testcase name=" ›› Satandard fields test" classname="document"><error message="Design deviation ›› Satandard fields test (document) component" type="CSS component"/><failure message="Design deviation ›› Satandard fields test (document) component" type="CSS component"/></testcase><testcase name=" ›› Satandard fields test" classname="document"><error message="Design deviation ›› Satandard fields test (document) component" type="CSS component"/><failure message="Design deviation ›› Satandard fields test (document) component" type="CSS component"/></testcase><testcase name=" ›› Satandard fields test" classname="document"/><testcase name=" ›› Satandard fields test" classname="document"/><testcase name=" ›› Satandard fields test" classname="document"/><testcase name=" ›› Satandard fields test" classname="document"/><testcase name=" ›› Satandard fields test fill: number" classname="document"/><testcase name=" ›› Satandard fields test fill: number" classname="document"/><testcase name=" ›› Satandard fields test fill: number" classname="document"/><testcase name=" ›› Satandard fields test fill: number" classname="document"/><testcase name=" ›› Satandard fields test fill: number" classname="document"/><testcase name=" ›› Satandard fields test fill: number" classname="document"/><testcase name=" ›› Satandard fields test fill: number" classname="document"/><testcase name=" ›› Satandard fields test fill: expiration" classname="document"/><testcase name=" ›› Satandard fields test fill: expiration" classname="document"/><testcase name=" ›› Satandard fields test fill: expiration" classname="document"/><testcase name=" ›› Satandard fields test fill: expiration" classname="document"/><testcase name=" ›› Satandard fields test fill: expiration" classname="document"/><testcase name=" ›› Satandard fields test fill: expiration" classname="document"/><testcase name=" ›› Satandard fields test fill: expiration" classname="document"/><testcase name=" ›› Satandard fields test fill: cvv" classname="document"/><testcase name=" ›› Satandard fields test fill: cvv" classname="document"/><testcase name=" ›› Satandard fields test fill: cvv" classname="document"/><testcase name=" ›› Satandard fields test fill: cvv" classname="document"/><testcase name=" ›› Satandard fields test fill: cvv" classname="document"/><testcase name=" ›› Satandard fields test fill: cvv" classname="document"/><testcase name=" ›› Satandard fields test fill: cvv" classname="document"/></testsuite></testsuites>